<?xml version="1.0" encoding="UTF-8"?>
<!-- Generated by org.testng.reporters.JUnitXMLReporter -->
<testsuite ignored="6" hostname="BG3NB075" failures="0" tests="3" name="RegressionTest" time="0.201" errors="0" timestamp="2024-02-22T18:55:51 IST">
  <testcase classname="TestngPack.GroupExecution" name="First" time="0.03"/>
  <testcase classname="TestngPack.GroupExecution" name="Second" time="0.012"/>
  <testcase classname="TestngPack.GroupExecution" name="Third" time="0.005"/>
  <testcase classname="TestngPack.GroupExecution" name="Fourth" time="0.0">
    <ignored/>
  </testcase> <!-- Fourth -->
  <testcase classname="TestngPack.Assertions" name="TitleTest" time="0.0">
    <ignored/>
  </testcase> <!-- TitleTest -->
  <testcase classname="TestngPack.FirstTestng" name="Login" time="0.0">
    <ignored/>
  </testcase> <!-- Login -->
  <testcase classname="TestngPack.Annotations" name="afirsttc" time="0.0">
    <ignored/>
  </testcase> <!-- afirsttc -->
  <testcase classname="TestngPack.FirstTestng" name="Logout" time="0.0">
    <ignored/>
  </testcase> <!-- Logout -->
  <testcase classname="TestngPack.Annotations" name="asecondtc" time="0.0">
    <ignored/>
  </testcase> <!-- asecondtc -->
</testsuite> <!-- RegressionTest -->
