<?xml version="1.0" encoding="UTF-8"?>
<!-- Generated by org.testng.reporters.JUnitXMLReporter -->
<testsuite ignored="0" hostname="BG3NB075" failures="0" tests="9" name=" Functional Test" time="17.374" errors="0" timestamp="2024-02-13T22:53:13 IST">
  <testcase classname="TestngPack.Annotations" name="afirsttc" time="0.02"/>
  <testcase classname="TestngPack.Annotations" name="asecondtc" time="0.009"/>
  <testcase classname="TestngPack.Assertions" name="TitleTest" time="16.703"/>
  <testcase classname="TestngPack.GroupExecution" name="First" time="0.045"/>
  <testcase classname="TestngPack.GroupExecution" name="Fourth" time="0.03"/>
  <testcase classname="TestngPack.GroupExecution" name="Second" time="0.008"/>
  <testcase classname="TestngPack.GroupExecution" name="Third" time="0.068"/>
  <testcase classname="TestngPack.FirstTestng" name="Login" time="0.007"/>
  <testcase classname="TestngPack.FirstTestng" name="Logout" time="0.057"/>
</testsuite> <!--  Functional Test -->
