<?xml version="1.0" encoding="UTF-8"?>
<!-- Generated by org.testng.reporters.JUnitXMLReporter -->
<testsuite ignored="0" hostname="BG3NB075" failures="0" tests="6" name="SmokeTest" time="0.195" errors="0" timestamp="2024-02-26T18:39:35 IST">
  <testcase classname="TestngPack.GroupExecution" name="First" time="0.037"/>
  <testcase classname="TestngPack.GroupExecution" name="Fourth" time="0.004"/>
  <testcase classname="TestngPack.GroupExecution" name="Second" time="0.003"/>
  <testcase classname="TestngPack.GroupExecution" name="Third" time="0.003"/>
  <testcase classname="TestngPack.FirstTestng" name="Login" time="0.003"/>
  <testcase classname="TestngPack.FirstTestng" name="Logout" time="0.003"/>
</testsuite> <!-- SmokeTest -->
