<?xml version="1.0" encoding="UTF-8"?>
<!-- Generated by org.testng.reporters.JUnitXMLReporter -->
<testsuite ignored="2" hostname="BG3NB075" failures="0" tests="2" name="GRP-bvt" time="0.369" errors="0" timestamp="2024-02-21T22:32:40 IST">
  <testcase classname="TestngPack.GroupExecution" name="Fourth" time="0.056"/>
  <testcase classname="TestngPack.GroupExecution" name="Third" time="0.006"/>
  <testcase classname="TestngPack.GroupExecution" name="First" time="0.0">
    <ignored/>
  </testcase> <!-- First -->
  <testcase classname="TestngPack.GroupExecution" name="Second" time="0.0">
    <ignored/>
  </testcase> <!-- Second -->
</testsuite> <!-- GRP-bvt -->
