<?xml version="1.0" encoding="UTF-8"?>
<testng-results ignored="0" total="1" passed="1" failed="0" skipped="0">
  <reporter-output>
  </reporter-output>
  <suite started-at="2024-03-04T22:15:45 IST" name="Default suite" finished-at="2024-03-04T22:15:45 IST" duration-ms="113">
    <groups>
    </groups>
    <test started-at="2024-03-04T22:15:45 IST" name="Default test" finished-at="2024-03-04T22:15:45 IST" duration-ms="113">
      <class name="Common.Hi">
        <test-method signature="launch()[pri:0, instance:Common.Hi@6f8f9349]" started-at="2024-03-04T22:15:45 IST" name="launch" finished-at="2024-03-04T22:15:45 IST" duration-ms="25" status="PASS">
          <reporter-output>
          </reporter-output>
        </test-method> <!-- launch -->
      </class> <!-- Common.Hi -->
    </test> <!-- Default test -->
  </suite> <!-- Default suite -->
</testng-results>
